Determining if the pthread_create exist failed with the following output:
Change Dir: /home/mjm/Projects/FunProjects/ros_pcl_tutorials/build/CMakeFiles/CMakeTmp

Run Build Command:/usr/bin/make "cmTryCompileExec295584622/fast"
/usr/bin/make -f CMakeFiles/cmTryCompileExec295584622.dir/build.make CMakeFiles/cmTryCompileExec295584622.dir/build
make[1]: Entering directory `/home/mjm/Projects/FunProjects/ros_pcl_tutorials/build/CMakeFiles/CMakeTmp'
/usr/bin/cmake -E cmake_progress_report /home/mjm/Projects/FunProjects/ros_pcl_tutorials/build/CMakeFiles/CMakeTmp/CMakeFiles 1
Building C object CMakeFiles/cmTryCompileExec295584622.dir/CheckSymbolExists.c.o
/usr/bin/cc    -o CMakeFiles/cmTryCompileExec295584622.dir/CheckSymbolExists.c.o   -c /home/mjm/Projects/FunProjects/ros_pcl_tutorials/build/CMakeFiles/CMakeTmp/CheckSymbolExists.c
Linking C executable cmTryCompileExec295584622
/usr/bin/cmake -E cmake_link_script CMakeFiles/cmTryCompileExec295584622.dir/link.txt --verbose=1
/usr/bin/cc       CMakeFiles/cmTryCompileExec295584622.dir/CheckSymbolExists.c.o  -o cmTryCompileExec295584622 -rdynamic 
CMakeFiles/cmTryCompileExec295584622.dir/CheckSymbolExists.c.o: In function `main':
CheckSymbolExists.c:(.text+0x16): undefined reference to `pthread_create'
collect2: error: ld returned 1 exit status
make[1]: *** [cmTryCompileExec295584622] Error 1
make[1]: Leaving directory `/home/mjm/Projects/FunProjects/ros_pcl_tutorials/build/CMakeFiles/CMakeTmp'
make: *** [cmTryCompileExec295584622/fast] Error 2

File /home/mjm/Projects/FunProjects/ros_pcl_tutorials/build/CMakeFiles/CMakeTmp/CheckSymbolExists.c:
/* */
#include <pthread.h>

int main(int argc, char** argv)
{
  (void)argv;
#ifndef pthread_create
  return ((int*)(&pthread_create))[argc];
#else
  (void)argc;
  return 0;
#endif
}

Determining if the function pthread_create exists in the pthreads failed with the following output:
Change Dir: /home/mjm/Projects/FunProjects/ros_pcl_tutorials/build/CMakeFiles/CMakeTmp

Run Build Command:/usr/bin/make "cmTryCompileExec2224376268/fast"
/usr/bin/make -f CMakeFiles/cmTryCompileExec2224376268.dir/build.make CMakeFiles/cmTryCompileExec2224376268.dir/build
make[1]: Entering directory `/home/mjm/Projects/FunProjects/ros_pcl_tutorials/build/CMakeFiles/CMakeTmp'
/usr/bin/cmake -E cmake_progress_report /home/mjm/Projects/FunProjects/ros_pcl_tutorials/build/CMakeFiles/CMakeTmp/CMakeFiles 1
Building C object CMakeFiles/cmTryCompileExec2224376268.dir/CheckFunctionExists.c.o
/usr/bin/cc   -DCHECK_FUNCTION_EXISTS=pthread_create   -o CMakeFiles/cmTryCompileExec2224376268.dir/CheckFunctionExists.c.o   -c /usr/share/cmake-2.8/Modules/CheckFunctionExists.c
Linking C executable cmTryCompileExec2224376268
/usr/bin/cmake -E cmake_link_script CMakeFiles/cmTryCompileExec2224376268.dir/link.txt --verbose=1
/usr/bin/cc   -DCHECK_FUNCTION_EXISTS=pthread_create    CMakeFiles/cmTryCompileExec2224376268.dir/CheckFunctionExists.c.o  -o cmTryCompileExec2224376268 -rdynamic -lpthreads 
/usr/bin/ld: cannot find -lpthreads
collect2: error: ld returned 1 exit status
make[1]: *** [cmTryCompileExec2224376268] Error 1
make[1]: Leaving directory `/home/mjm/Projects/FunProjects/ros_pcl_tutorials/build/CMakeFiles/CMakeTmp'
make: *** [cmTryCompileExec2224376268/fast] Error 2


